<?xml version="1.0" encoding="UTF-8"?>
<!-- Generated by org.testng.reporters.JUnitXMLReporter -->
<testsuite ignored="0" hostname="Rajitha6303" failures="0" tests="4" name="Default test" time="10.02" errors="0" timestamp="2026-05-07T18:36:24 IST">
  <testcase classname="api.test.AddPlaceTest" name="addPlace" time="3.861"/>
  <testcase classname="api.test.UpdatePlaceTest" name="updatePlace" time="0.229"/>
  <testcase classname="api.test.GetPlaceTest" name="getPlace" time="2.031"/>
  <testcase classname="api.test.DeletePlaceTest" name="deletePlace" time="3.156"/>
</testsuite> <!-- Default test -->
