<?xml version="1.0" encoding="UTF-8"?>
<!-- Generated by org.testng.reporters.JUnitXMLReporter -->
<testsuite ignored="0" hostname="Rajitha6303" failures="0" tests="4" name="Default test" time="9.597" errors="0" timestamp="2026-05-07T18:14:16 IST">
  <testcase classname="api.test.AddPlaceTest" name="addPlace" time="3.35"/>
  <testcase classname="api.test.UpdatePlaceTest" name="updatePlace" time="0.416"/>
  <testcase classname="api.test.GetPlaceTest" name="getPlace" time="2.187"/>
  <testcase classname="api.test.DeletePlaceTest" name="deletePlace" time="3.036"/>
</testsuite> <!-- Default test -->
