<?xml version="1.0" encoding="UTF-8"?>
<!-- Generated by org.testng.reporters.JUnitXMLReporter -->
<testsuite ignored="0" hostname="Rajitha6303" failures="0" tests="4" name="Test" time="10.431" errors="0" timestamp="2026-05-07T18:36:45 IST">
  <testcase classname="api.test.AddPlaceTest" name="addPlace" time="3.201"/>
  <testcase classname="api.test.UpdatePlaceTest" name="updatePlace" time="1.307"/>
  <testcase classname="api.test.GetPlaceTest" name="getPlace" time="2.283"/>
  <testcase classname="api.test.DeletePlaceTest" name="deletePlace" time="2.938"/>
</testsuite> <!-- Test -->
