<?xml version="1.0" encoding="UTF-8"?>
<!-- Generated by org.testng.reporters.JUnitXMLReporter -->
<testsuite ignored="0" hostname="Rajitha6303" failures="0" tests="4" name="Test" time="11.166" errors="0" timestamp="2026-05-07T18:20:55 IST">
  <testcase classname="api.test.AddPlaceTest" name="addPlace" time="3.394"/>
  <testcase classname="api.test.UpdatePlaceTest" name="updatePlace" time="0.436"/>
  <testcase classname="api.test.GetPlaceTest" name="getPlace" time="2.799"/>
  <testcase classname="api.test.DeletePlaceTest" name="deletePlace" time="3.969"/>
</testsuite> <!-- Test -->
