<?xml version="1.0" encoding="UTF-8"?>
<testng-results ignored="0" total="4" passed="4" failed="0" skipped="0">
  <reporter-output>
  </reporter-output>
  <suite started-at="2026-05-07T17:54:53 IST" name="Default suite" finished-at="2026-05-07T17:55:02 IST" duration-ms="8943">
    <groups>
    </groups>
    <test started-at="2026-05-07T17:54:53 IST" name="Default test" finished-at="2026-05-07T17:55:02 IST" duration-ms="8943">
      <class name="api.test.AddPlaceTest">
        <test-method is-config="true" signature="setup()[pri:0, instance:api.test.AddPlaceTest@65fb9ffc]" started-at="2026-05-07T17:54:53 IST" name="setup" finished-at="2026-05-07T17:54:53 IST" duration-ms="633" status="PASS">
          <reporter-output>
          </reporter-output>
        </test-method> <!-- setup -->
        <test-method signature="addPlace()[pri:0, instance:api.test.AddPlaceTest@65fb9ffc]" started-at="2026-05-07T17:54:53 IST" name="addPlace" finished-at="2026-05-07T17:54:56 IST" duration-ms="2500" status="PASS">
          <reporter-output>
          </reporter-output>
        </test-method> <!-- addPlace -->
      </class> <!-- api.test.AddPlaceTest -->
      <class name="api.test.GetPlaceTest">
        <test-method is-config="true" signature="setup()[pri:0, instance:api.test.GetPlaceTest@33d512c1]" started-at="2026-05-07T17:54:56 IST" name="setup" finished-at="2026-05-07T17:54:56 IST" duration-ms="2" status="PASS">
          <reporter-output>
          </reporter-output>
        </test-method> <!-- setup -->
        <test-method signature="getPlace()[pri:0, instance:api.test.GetPlaceTest@33d512c1]" started-at="2026-05-07T17:54:56 IST" name="getPlace" finished-at="2026-05-07T17:54:58 IST" depends-on-methods="api.test.AddPlaceTest.addPlace" duration-ms="2169" status="PASS">
          <reporter-output>
          </reporter-output>
        </test-method> <!-- getPlace -->
      </class> <!-- api.test.GetPlaceTest -->
      <class name="api.test.UpdatePlaceTest">
        <test-method is-config="true" signature="setup()[pri:0, instance:api.test.UpdatePlaceTest@397fbdb]" started-at="2026-05-07T17:54:56 IST" name="setup" finished-at="2026-05-07T17:54:56 IST" duration-ms="1" status="PASS">
          <reporter-output>
          </reporter-output>
        </test-method> <!-- setup -->
        <test-method signature="updatePlace()[pri:0, instance:api.test.UpdatePlaceTest@397fbdb]" started-at="2026-05-07T17:54:56 IST" name="updatePlace" finished-at="2026-05-07T17:54:56 IST" depends-on-methods="api.test.AddPlaceTest.addPlace" duration-ms="119" status="PASS">
          <reporter-output>
          </reporter-output>
        </test-method> <!-- updatePlace -->
      </class> <!-- api.test.UpdatePlaceTest -->
      <class name="api.test.DeletePlaceTest">
        <test-method is-config="true" signature="setup()[pri:0, instance:api.test.DeletePlaceTest@515c6049]" started-at="2026-05-07T17:54:58 IST" name="setup" finished-at="2026-05-07T17:54:58 IST" duration-ms="2" status="PASS">
          <reporter-output>
          </reporter-output>
        </test-method> <!-- setup -->
        <test-method signature="deletePlace()[pri:0, instance:api.test.DeletePlaceTest@515c6049]" started-at="2026-05-07T17:54:58 IST" name="deletePlace" finished-at="2026-05-07T17:55:02 IST" depends-on-methods="api.test.AddPlaceTest.addPlace" duration-ms="3463" status="PASS">
          <reporter-output>
          </reporter-output>
        </test-method> <!-- deletePlace -->
      </class> <!-- api.test.DeletePlaceTest -->
    </test> <!-- Default test -->
  </suite> <!-- Default suite -->
</testng-results>
